Building DAG of jobs...
Using shell: /usr/bin/bash
Provided cores: 1 (use --cores to define parallelism)
Rules claiming more threads will be scaled down.
Job counts:
	count	jobs
	1	all
	2	blast2lca
	2	blast_otus
	2	blast_stats
	1	collect_blast_stats
	1	collect_denoising_stats
	1	collect_results
	1	collect_summaries
	1	collect_tax_stats
	1	collect_trimming_stats
	2	cutadapt
	1	database_version
	2	denoise
	2	filter_blast
	1	get_primer_revcomp
	2	krona
	1	krona_all
	2	krona_table
	1	no_masking
	2	parse_fastp
	2	primer_trimming_stats
	1	report_all
	2	report_sample
	2	run_fastp
	1	software_versions
	2	summarize_results
	2	summary_report
	2	tax_stats
	2	trimming_stats
	1	unpack_fastq
	46

[Tue Jan 19 12:19:55 2021]
Job 11: Collecting software versions

[Tue Jan 19 12:19:55 2021]
Finished job 11.
1 of 46 steps (2%) done

[Tue Jan 19 12:19:56 2021]
rule no_masking:
    output: common/nomask
    jobid: 43

[Tue Jan 19 12:19:56 2021]
Finished job 43.
2 of 46 steps (4%) done

[Tue Jan 19 12:19:56 2021]
rule get_primer_revcomp:
    output: common/primer_revcomp.fa
    jobid: 45

Activating conda environment: /home/debian/anaconda3/envs/6c6f0c7e
[Tue Jan 19 12:19:57 2021]
Finished job 45.
3 of 46 steps (7%) done

[Tue Jan 19 12:19:57 2021]
Job 40: Trimming primers on Lasagne_clean

Activating conda environment: /home/debian/anaconda3/envs/6c6f0c7e
Removing temporary output file Lasagne_clean/trimmed/Lasagne_clean_noprimer5p_R1.fastq.gz.
Removing temporary output file Lasagne_clean/trimmed/Lasagne_clean_noprimer5p_R2.fastq.gz.
Removing temporary output file Lasagne_clean/trimmed/Lasagne_clean_noprimer3p_R1.fastq.gz.
Removing temporary output file Lasagne_clean/trimmed/Lasagne_clean_noprimer3p_R2.fastq.gz.
[Tue Jan 19 12:19:58 2021]
Finished job 40.
4 of 46 steps (9%) done

[Tue Jan 19 12:19:58 2021]
Job 44: Trimming primers on Lasagne_horse

Activating conda environment: /home/debian/anaconda3/envs/6c6f0c7e
Removing temporary output file common/primer_revcomp.fa.
Removing temporary output file Lasagne_horse/trimmed/Lasagne_horse_noprimer5p_R1.fastq.gz.
Removing temporary output file Lasagne_horse/trimmed/Lasagne_horse_noprimer5p_R2.fastq.gz.
Removing temporary output file Lasagne_horse/trimmed/Lasagne_horse_noprimer3p_R1.fastq.gz.
Removing temporary output file Lasagne_horse/trimmed/Lasagne_horse_noprimer3p_R2.fastq.gz.
[Tue Jan 19 12:19:59 2021]
Finished job 44.
5 of 46 steps (11%) done

[Tue Jan 19 12:20:00 2021]
Job 42: Running fastp on Lasagne_horse

Activating conda environment: /home/debian/anaconda3/envs/b65a18b5
[Tue Jan 19 12:20:00 2021]
Finished job 42.
6 of 46 steps (13%) done

[Tue Jan 19 12:20:00 2021]
Job 34: Collecting primer trimming statisctics for Lasagne_horse

Removing temporary output file Lasagne_horse/trimmed/Lasagne_horse_primertrimmed_R1.fastq.gz.
Removing temporary output file Lasagne_horse/trimmed/Lasagne_horse_primertrimmed_R2.fastq.gz.
[Tue Jan 19 12:20:01 2021]
Finished job 34.
7 of 46 steps (15%) done

[Tue Jan 19 12:20:01 2021]
Job 27: Collecting primer trimming statisctics for Lasagne_clean

[Tue Jan 19 12:20:01 2021]
Finished job 27.
8 of 46 steps (17%) done

[Tue Jan 19 12:20:01 2021]
Job 41: Running fastp on Lasagne_clean

Activating conda environment: /home/debian/anaconda3/envs/b65a18b5
Removing temporary output file Lasagne_clean/trimmed/Lasagne_clean_primertrimmed_R1.fastq.gz.
Removing temporary output file Lasagne_clean/trimmed/Lasagne_clean_primertrimmed_R2.fastq.gz.
[Tue Jan 19 12:20:02 2021]
Finished job 41.
9 of 46 steps (20%) done

[Tue Jan 19 12:20:02 2021]
Job 29: Unpacking fastq files

Removing temporary output file Lasagne_clean/trimmed/Lasagne_clean_R1.fastq.gz.
Removing temporary output file Lasagne_clean/trimmed/Lasagne_clean_R2.fastq.gz.
Removing temporary output file Lasagne_horse/trimmed/Lasagne_horse_R2.fastq.gz.
Removing temporary output file Lasagne_horse/trimmed/Lasagne_horse_R1.fastq.gz.
[Tue Jan 19 12:20:02 2021]
Finished job 29.
10 of 46 steps (22%) done

[Tue Jan 19 12:20:02 2021]
Job 15: Denoising and filtering Lasagne_horse

Activating conda environment: /home/debian/anaconda3/envs/51258262
Removing temporary output file Lasagne_horse/trimmed/Lasagne_horse_R1.fastq.
Removing temporary output file Lasagne_horse/trimmed/Lasagne_horse_R2.fastq.
Removing temporary output file Lasagne_horse/denoising/Lasagne_horse_R1_filtered.fasta.
Removing temporary output file Lasagne_horse/denoising/Lasagne_horse_R2_filtered.fasta.
[Tue Jan 19 12:20:14 2021]
Finished job 15.
11 of 46 steps (24%) done

[Tue Jan 19 12:20:14 2021]
Job 6: Denoising and filtering Lasagne_clean

Activating conda environment: /home/debian/anaconda3/envs/51258262
Removing temporary output file Lasagne_clean/trimmed/Lasagne_clean_R1.fastq.
Removing temporary output file Lasagne_clean/trimmed/Lasagne_clean_R2.fastq.
Removing temporary output file Lasagne_clean/denoising/Lasagne_clean_R1_filtered.fasta.
Removing temporary output file Lasagne_clean/denoising/Lasagne_clean_R2_filtered.fasta.
[Tue Jan 19 12:20:27 2021]
Finished job 6.
12 of 46 steps (26%) done

[Tue Jan 19 12:20:27 2021]
Job 36: BLASTing Lasagne_horse clusters against local database

Activating conda environment: /home/debian/anaconda3/envs/010f28c1
[Tue Jan 19 12:20:28 2021]
Finished job 36.
13 of 46 steps (28%) done

[Tue Jan 19 12:20:28 2021]
Job 30: BLASTing Lasagne_clean clusters against local database

Activating conda environment: /home/debian/anaconda3/envs/010f28c1
Removing temporary output file common/nomask.
[Tue Jan 19 12:20:29 2021]
Finished job 30.
14 of 46 steps (30%) done

[Tue Jan 19 12:20:29 2021]
Job 22: collecting denoising stats

[Tue Jan 19 12:20:29 2021]
Finished job 22.
15 of 46 steps (33%) done

[Tue Jan 19 12:20:29 2021]
Job 28: Parsing fastp json report for Lasagne_clean

[Tue Jan 19 12:20:29 2021]
Finished job 28.
16 of 46 steps (35%) done

[Tue Jan 19 12:20:29 2021]
Job 5: Merging trimming stats for Lasagne_clean

Removing temporary output file Lasagne_clean/trimmed/Lasagne_clean_primer_trimming.tsv.
Removing temporary output file Lasagne_clean/trimmed/Lasagne_clean_fastp.tsv.
[Tue Jan 19 12:20:29 2021]
Finished job 5.
17 of 46 steps (37%) done

[Tue Jan 19 12:20:29 2021]
Job 31: Filtering BLAST results for Lasagne_clean

[Tue Jan 19 12:20:30 2021]
Finished job 31.
18 of 46 steps (39%) done

[Tue Jan 19 12:20:30 2021]
Job 32: Lowest common ancestor determination

[Tue Jan 19 12:20:30 2021]
Finished job 32.
19 of 46 steps (41%) done

[Tue Jan 19 12:20:30 2021]
Job 7: Collecting BLAST stats for Lasagne_clean

[Tue Jan 19 12:20:30 2021]
Finished job 7.
20 of 46 steps (43%) done

[Tue Jan 19 12:20:30 2021]
Job 8: Collecting taxonomy assignement stats for Lasagne_clean

[Tue Jan 19 12:20:30 2021]
Finished job 8.
21 of 46 steps (46%) done

[Tue Jan 19 12:20:30 2021]
Job 4: Summarizing statistics for Lasagne_clean

[Tue Jan 19 12:20:30 2021]
Finished job 4.
22 of 46 steps (48%) done

[Tue Jan 19 12:20:30 2021]
Job 9: Summarizing results for Lasagne_clean

[Tue Jan 19 12:20:31 2021]
Finished job 9.
23 of 46 steps (50%) done

[Tue Jan 19 12:20:31 2021]
Job 33: Exporting Lasagne_clean in Krona input format

[Tue Jan 19 12:20:31 2021]
Finished job 33.
24 of 46 steps (52%) done

[Tue Jan 19 12:20:31 2021]
Job 12: producing graphical summary for Lasagne_clean

Activating conda environment: /home/debian/anaconda3/envs/f74daf43
[Tue Jan 19 12:20:32 2021]
Finished job 12.
25 of 46 steps (54%) done

[Tue Jan 19 12:20:32 2021]
Job 35: Parsing fastp json report for Lasagne_horse

[Tue Jan 19 12:20:32 2021]
Finished job 35.
26 of 46 steps (57%) done

[Tue Jan 19 12:20:32 2021]
Job 14: Merging trimming stats for Lasagne_horse

Removing temporary output file Lasagne_horse/trimmed/Lasagne_horse_primer_trimming.tsv.
Removing temporary output file Lasagne_horse/trimmed/Lasagne_horse_fastp.tsv.
[Tue Jan 19 12:20:32 2021]
Finished job 14.
27 of 46 steps (59%) done

[Tue Jan 19 12:20:32 2021]
Job 21: Collecting fastp stats

[Tue Jan 19 12:20:32 2021]
Finished job 21.
28 of 46 steps (61%) done

[Tue Jan 19 12:20:32 2021]
Job 37: Filtering BLAST results for Lasagne_horse

[Tue Jan 19 12:20:33 2021]
Finished job 37.
29 of 46 steps (63%) done

[Tue Jan 19 12:20:33 2021]
Job 10: Collecting databases versions

[Tue Jan 19 12:20:33 2021]
Finished job 10.
30 of 46 steps (65%) done

[Tue Jan 19 12:20:33 2021]
Job 1: Generating html report for Lasagne_clean

Activating conda environment: /home/debian/anaconda3/envs/f946a128
[Tue Jan 19 12:20:36 2021]
Finished job 1.
31 of 46 steps (67%) done

[Tue Jan 19 12:20:36 2021]
Job 38: Lowest common ancestor determination

[Tue Jan 19 12:20:36 2021]
Finished job 38.
32 of 46 steps (70%) done

[Tue Jan 19 12:20:36 2021]
Job 16: Collecting BLAST stats for Lasagne_horse

[Tue Jan 19 12:20:36 2021]
Finished job 16.
33 of 46 steps (72%) done

[Tue Jan 19 12:20:36 2021]
Job 17: Collecting taxonomy assignement stats for Lasagne_horse

[Tue Jan 19 12:20:36 2021]
Finished job 17.
34 of 46 steps (74%) done

[Tue Jan 19 12:20:37 2021]
Job 13: Summarizing statistics for Lasagne_horse

[Tue Jan 19 12:20:37 2021]
Finished job 13.
35 of 46 steps (76%) done

[Tue Jan 19 12:20:37 2021]
Job 20: Collecting summary reports

[Tue Jan 19 12:20:37 2021]
Finished job 20.
36 of 46 steps (78%) done

[Tue Jan 19 12:20:37 2021]
Job 18: Summarizing results for Lasagne_horse

[Tue Jan 19 12:20:37 2021]
Finished job 18.
37 of 46 steps (80%) done

[Tue Jan 19 12:20:37 2021]
Job 39: Exporting Lasagne_horse in Krona input format

[Tue Jan 19 12:20:37 2021]
Finished job 39.
38 of 46 steps (83%) done

[Tue Jan 19 12:20:38 2021]
Job 19: producing graphical summary for Lasagne_horse

Activating conda environment: /home/debian/anaconda3/envs/f74daf43
[Tue Jan 19 12:20:38 2021]
Finished job 19.
39 of 46 steps (85%) done

[Tue Jan 19 12:20:38 2021]
Job 2: Generating html report for Lasagne_horse

Activating conda environment: /home/debian/anaconda3/envs/f946a128
[Tue Jan 19 12:20:41 2021]
Finished job 2.
40 of 46 steps (87%) done

[Tue Jan 19 12:20:41 2021]
Job 25: Collecting results

[Tue Jan 19 12:20:41 2021]
Finished job 25.
41 of 46 steps (89%) done

[Tue Jan 19 12:20:42 2021]
Job 23: Collecting BLAST stats

[Tue Jan 19 12:20:42 2021]
Finished job 23.
42 of 46 steps (91%) done

[Tue Jan 19 12:20:42 2021]
Job 26: Producing graphical summary result

Activating conda environment: /home/debian/anaconda3/envs/f74daf43
[Tue Jan 19 12:20:42 2021]
Finished job 26.
43 of 46 steps (93%) done

[Tue Jan 19 12:20:42 2021]
Job 24: Collecting taxonomy assignement stats

[Tue Jan 19 12:20:42 2021]
Finished job 24.
44 of 46 steps (96%) done

[Tue Jan 19 12:20:42 2021]
Job 3: Generating global html report

Activating conda environment: /home/debian/anaconda3/envs/f946a128
[Tue Jan 19 12:20:46 2021]
Finished job 3.
45 of 46 steps (98%) done

[Tue Jan 19 12:20:46 2021]
localrule all:
    input: Lasagne_clean/reports/Lasagne_clean_report.html, Lasagne_horse/reports/Lasagne_horse_report.html, reports/report.html
    jobid: 0

[Tue Jan 19 12:20:46 2021]
Finished job 0.
46 of 46 steps (100%) done
Complete log: /home/debian/NGS/spezies_indev/FooDMe/tests/output/.snakemake/log/2021-01-19T121955.622320.snakemake.log
